Performing C SOURCE FILE Test CMAKE_HAVE_LIBC_PTHREAD failed with the following output:
Change Dir: /home/user/Projects/RPO/libs/mbedtls/build/armeabi-v7a/CMakeFiles/CMakeTmp

Run Build Command(s):/usr/bin/gmake -f Makefile cmTC_07060/fast && /usr/bin/gmake  -f CMakeFiles/cmTC_07060.dir/build.make CMakeFiles/cmTC_07060.dir/build
gmake[1]: Entering directory '/home/user/Projects/RPO/libs/mbedtls/build/armeabi-v7a/CMakeFiles/CMakeTmp'
Building C object CMakeFiles/cmTC_07060.dir/src.c.o
/home/user/Android/Sdk/ndk/25.2.9519653/toolchains/llvm/prebuilt/linux-x86_64/bin/clang --target=armv7-none-linux-androideabi19 --sysroot=/home/user/Android/Sdk/ndk/25.2.9519653/toolchains/llvm/prebuilt/linux-x86_64/sysroot -DCMAKE_HAVE_LIBC_PTHREAD  -g -DANDROID -fdata-sections -ffunction-sections -funwind-tables -fstack-protector-strong -no-canonical-prefixes -D_FORTIFY_SOURCE=2 -march=armv7-a -mthumb -Wformat -Werror=format-security  -Wall -Wextra -Wwrite-strings -Wpointer-arith -Wimplicit-fallthrough -Wshadow -Wvla -Wformat=2 -Wno-format-nonliteral -Werror  -fPIE -MD -MT CMakeFiles/cmTC_07060.dir/src.c.o -MF CMakeFiles/cmTC_07060.dir/src.c.o.d -o CMakeFiles/cmTC_07060.dir/src.c.o -c /home/user/Projects/RPO/libs/mbedtls/build/armeabi-v7a/CMakeFiles/CMakeTmp/src.c
/home/user/Projects/RPO/libs/mbedtls/build/armeabi-v7a/CMakeFiles/CMakeTmp/src.c:13:3: error: implicit declaration of function 'pthread_cancel' is invalid in C99 [-Werror,-Wimplicit-function-declaration]
  pthread_cancel(thread);
  ^
/home/user/Projects/RPO/libs/mbedtls/build/armeabi-v7a/CMakeFiles/CMakeTmp/src.c:13:3: note: did you mean 'pthread_once'?
/home/user/Android/Sdk/ndk/25.2.9519653/toolchains/llvm/prebuilt/linux-x86_64/sysroot/usr/include/pthread.h:275:5: note: 'pthread_once' declared here
int pthread_once(pthread_once_t* __once, void (*__init_routine)(void));
    ^
1 error generated.
gmake[1]: *** [CMakeFiles/cmTC_07060.dir/build.make:79: CMakeFiles/cmTC_07060.dir/src.c.o] Error 1
gmake[1]: Leaving directory '/home/user/Projects/RPO/libs/mbedtls/build/armeabi-v7a/CMakeFiles/CMakeTmp'
gmake: *** [Makefile:127: cmTC_07060/fast] Error 2


Source file was:
#include <pthread.h>

static void* test_func(void* data)
{
  return data;
}

int main(void)
{
  pthread_t thread;
  pthread_create(&thread, NULL, test_func, NULL);
  pthread_detach(thread);
  pthread_cancel(thread);
  pthread_join(thread, NULL);
  pthread_atfork(NULL, NULL, NULL);
  pthread_exit(NULL);

  return 0;
}

Determining if the function pthread_create exists in the pthreads failed with the following output:
Change Dir: /home/user/Projects/RPO/libs/mbedtls/build/armeabi-v7a/CMakeFiles/CMakeTmp

Run Build Command(s):/usr/bin/gmake -f Makefile cmTC_31e92/fast && /usr/bin/gmake  -f CMakeFiles/cmTC_31e92.dir/build.make CMakeFiles/cmTC_31e92.dir/build
gmake[1]: Entering directory '/home/user/Projects/RPO/libs/mbedtls/build/armeabi-v7a/CMakeFiles/CMakeTmp'
Building C object CMakeFiles/cmTC_31e92.dir/CheckFunctionExists.c.o
/home/user/Android/Sdk/ndk/25.2.9519653/toolchains/llvm/prebuilt/linux-x86_64/bin/clang --target=armv7-none-linux-androideabi19 --sysroot=/home/user/Android/Sdk/ndk/25.2.9519653/toolchains/llvm/prebuilt/linux-x86_64/sysroot   -g -DANDROID -fdata-sections -ffunction-sections -funwind-tables -fstack-protector-strong -no-canonical-prefixes -D_FORTIFY_SOURCE=2 -march=armv7-a -mthumb -Wformat -Werror=format-security  -Wall -Wextra -Wwrite-strings -Wpointer-arith -Wimplicit-fallthrough -Wshadow -Wvla -Wformat=2 -Wno-format-nonliteral -Werror -DCHECK_FUNCTION_EXISTS=pthread_create -fPIE -MD -MT CMakeFiles/cmTC_31e92.dir/CheckFunctionExists.c.o -MF CMakeFiles/cmTC_31e92.dir/CheckFunctionExists.c.o.d -o CMakeFiles/cmTC_31e92.dir/CheckFunctionExists.c.o -c /home/user/Android/Sdk/cmake/3.22.1/share/cmake-3.22/Modules/CheckFunctionExists.c
Linking C executable cmTC_31e92
/home/user/Android/Sdk/cmake/3.22.1/bin/cmake -E cmake_link_script CMakeFiles/cmTC_31e92.dir/link.txt --verbose=1
/home/user/Android/Sdk/ndk/25.2.9519653/toolchains/llvm/prebuilt/linux-x86_64/bin/clang --target=armv7-none-linux-androideabi19 --sysroot=/home/user/Android/Sdk/ndk/25.2.9519653/toolchains/llvm/prebuilt/linux-x86_64/sysroot -g -DANDROID -fdata-sections -ffunction-sections -funwind-tables -fstack-protector-strong -no-canonical-prefixes -D_FORTIFY_SOURCE=2 -march=armv7-a -mthumb -Wformat -Werror=format-security  -Wall -Wextra -Wwrite-strings -Wpointer-arith -Wimplicit-fallthrough -Wshadow -Wvla -Wformat=2 -Wno-format-nonliteral -Werror -DCHECK_FUNCTION_EXISTS=pthread_create -static-libstdc++ -Wl,--build-id=sha1 -Wl,--no-rosegment -Wl,--fatal-warnings -Wl,--no-undefined -Qunused-arguments    CMakeFiles/cmTC_31e92.dir/CheckFunctionExists.c.o -o cmTC_31e92  -lpthreads -latomic -lm 
ld: error: unable to find library -lpthreads
clang: error: linker command failed with exit code 1 (use -v to see invocation)
gmake[1]: *** [CMakeFiles/cmTC_31e92.dir/build.make:100: cmTC_31e92] Error 1
gmake[1]: Leaving directory '/home/user/Projects/RPO/libs/mbedtls/build/armeabi-v7a/CMakeFiles/CMakeTmp'
gmake: *** [Makefile:127: cmTC_31e92/fast] Error 2



Determining if the function pthread_create exists in the pthread failed with the following output:
Change Dir: /home/user/Projects/RPO/libs/mbedtls/build/armeabi-v7a/CMakeFiles/CMakeTmp

Run Build Command(s):/usr/bin/gmake -f Makefile cmTC_88281/fast && /usr/bin/gmake  -f CMakeFiles/cmTC_88281.dir/build.make CMakeFiles/cmTC_88281.dir/build
gmake[1]: Entering directory '/home/user/Projects/RPO/libs/mbedtls/build/armeabi-v7a/CMakeFiles/CMakeTmp'
Building C object CMakeFiles/cmTC_88281.dir/CheckFunctionExists.c.o
/home/user/Android/Sdk/ndk/25.2.9519653/toolchains/llvm/prebuilt/linux-x86_64/bin/clang --target=armv7-none-linux-androideabi19 --sysroot=/home/user/Android/Sdk/ndk/25.2.9519653/toolchains/llvm/prebuilt/linux-x86_64/sysroot   -g -DANDROID -fdata-sections -ffunction-sections -funwind-tables -fstack-protector-strong -no-canonical-prefixes -D_FORTIFY_SOURCE=2 -march=armv7-a -mthumb -Wformat -Werror=format-security  -Wall -Wextra -Wwrite-strings -Wpointer-arith -Wimplicit-fallthrough -Wshadow -Wvla -Wformat=2 -Wno-format-nonliteral -Werror -DCHECK_FUNCTION_EXISTS=pthread_create -fPIE -MD -MT CMakeFiles/cmTC_88281.dir/CheckFunctionExists.c.o -MF CMakeFiles/cmTC_88281.dir/CheckFunctionExists.c.o.d -o CMakeFiles/cmTC_88281.dir/CheckFunctionExists.c.o -c /home/user/Android/Sdk/cmake/3.22.1/share/cmake-3.22/Modules/CheckFunctionExists.c
Linking C executable cmTC_88281
/home/user/Android/Sdk/cmake/3.22.1/bin/cmake -E cmake_link_script CMakeFiles/cmTC_88281.dir/link.txt --verbose=1
/home/user/Android/Sdk/ndk/25.2.9519653/toolchains/llvm/prebuilt/linux-x86_64/bin/clang --target=armv7-none-linux-androideabi19 --sysroot=/home/user/Android/Sdk/ndk/25.2.9519653/toolchains/llvm/prebuilt/linux-x86_64/sysroot -g -DANDROID -fdata-sections -ffunction-sections -funwind-tables -fstack-protector-strong -no-canonical-prefixes -D_FORTIFY_SOURCE=2 -march=armv7-a -mthumb -Wformat -Werror=format-security  -Wall -Wextra -Wwrite-strings -Wpointer-arith -Wimplicit-fallthrough -Wshadow -Wvla -Wformat=2 -Wno-format-nonliteral -Werror -DCHECK_FUNCTION_EXISTS=pthread_create -static-libstdc++ -Wl,--build-id=sha1 -Wl,--no-rosegment -Wl,--fatal-warnings -Wl,--no-undefined -Qunused-arguments    CMakeFiles/cmTC_88281.dir/CheckFunctionExists.c.o -o cmTC_88281  -lpthread -latomic -lm 
ld: error: unable to find library -lpthread
clang: error: linker command failed with exit code 1 (use -v to see invocation)
gmake[1]: *** [CMakeFiles/cmTC_88281.dir/build.make:100: cmTC_88281] Error 1
gmake[1]: Leaving directory '/home/user/Projects/RPO/libs/mbedtls/build/armeabi-v7a/CMakeFiles/CMakeTmp'
gmake: *** [Makefile:127: cmTC_88281/fast] Error 2



