Performing C++ SOURCE FILE Test CMAKE_HAVE_LIBC_PTHREAD failed with the following output:
Change Dir: /home/user/Projects/RPO/libs/build/armeabi-v7a/CMakeFiles/CMakeTmp

Run Build Command(s):/usr/bin/gmake -f Makefile cmTC_f109d/fast && /usr/bin/gmake  -f CMakeFiles/cmTC_f109d.dir/build.make CMakeFiles/cmTC_f109d.dir/build
gmake[1]: Entering directory '/home/user/Projects/RPO/libs/build/armeabi-v7a/CMakeFiles/CMakeTmp'
Building CXX object CMakeFiles/cmTC_f109d.dir/src.cxx.o
/home/user/Android/Sdk/ndk/25.2.9519653/toolchains/llvm/prebuilt/linux-x86_64/bin/clang++ --target=armv7-none-linux-androideabi19 --sysroot=/home/user/Android/Sdk/ndk/25.2.9519653/toolchains/llvm/prebuilt/linux-x86_64/sysroot -DCMAKE_HAVE_LIBC_PTHREAD  -g -DANDROID -fdata-sections -ffunction-sections -funwind-tables -fstack-protector-strong -no-canonical-prefixes -D_FORTIFY_SOURCE=2 -march=armv7-a -mthumb -Wformat -Werror=format-security  -DSPDLOG_COMPILED_LIB  -fPIE -std=c++11 -MD -MT CMakeFiles/cmTC_f109d.dir/src.cxx.o -MF CMakeFiles/cmTC_f109d.dir/src.cxx.o.d -o CMakeFiles/cmTC_f109d.dir/src.cxx.o -c /home/user/Projects/RPO/libs/build/armeabi-v7a/CMakeFiles/CMakeTmp/src.cxx
/home/user/Projects/RPO/libs/build/armeabi-v7a/CMakeFiles/CMakeTmp/src.cxx:13:3: error: use of undeclared identifier 'pthread_cancel'
  pthread_cancel(thread);
  ^
1 error generated.
gmake[1]: *** [CMakeFiles/cmTC_f109d.dir/build.make:79: CMakeFiles/cmTC_f109d.dir/src.cxx.o] Error 1
gmake[1]: Leaving directory '/home/user/Projects/RPO/libs/build/armeabi-v7a/CMakeFiles/CMakeTmp'
gmake: *** [Makefile:127: cmTC_f109d/fast] Error 2


Source file was:
#include <pthread.h>

static void* test_func(void* data)
{
  return data;
}

int main(void)
{
  pthread_t thread;
  pthread_create(&thread, NULL, test_func, NULL);
  pthread_detach(thread);
  pthread_cancel(thread);
  pthread_join(thread, NULL);
  pthread_atfork(NULL, NULL, NULL);
  pthread_exit(NULL);

  return 0;
}

Determining if the function pthread_create exists in the pthreads failed with the following output:
Change Dir: /home/user/Projects/RPO/libs/build/armeabi-v7a/CMakeFiles/CMakeTmp

Run Build Command(s):/usr/bin/gmake -f Makefile cmTC_872de/fast && /usr/bin/gmake  -f CMakeFiles/cmTC_872de.dir/build.make CMakeFiles/cmTC_872de.dir/build
gmake[1]: Entering directory '/home/user/Projects/RPO/libs/build/armeabi-v7a/CMakeFiles/CMakeTmp'
Building CXX object CMakeFiles/cmTC_872de.dir/CheckFunctionExists.cxx.o
/home/user/Android/Sdk/ndk/25.2.9519653/toolchains/llvm/prebuilt/linux-x86_64/bin/clang++ --target=armv7-none-linux-androideabi19 --sysroot=/home/user/Android/Sdk/ndk/25.2.9519653/toolchains/llvm/prebuilt/linux-x86_64/sysroot   -g -DANDROID -fdata-sections -ffunction-sections -funwind-tables -fstack-protector-strong -no-canonical-prefixes -D_FORTIFY_SOURCE=2 -march=armv7-a -mthumb -Wformat -Werror=format-security  -DSPDLOG_COMPILED_LIB -DCHECK_FUNCTION_EXISTS=pthread_create -fPIE -std=c++11 -MD -MT CMakeFiles/cmTC_872de.dir/CheckFunctionExists.cxx.o -MF CMakeFiles/cmTC_872de.dir/CheckFunctionExists.cxx.o.d -o CMakeFiles/cmTC_872de.dir/CheckFunctionExists.cxx.o -c /home/user/Projects/RPO/libs/build/armeabi-v7a/CMakeFiles/CheckLibraryExists/CheckFunctionExists.cxx
Linking CXX executable cmTC_872de
/home/user/Android/Sdk/cmake/3.22.1/bin/cmake -E cmake_link_script CMakeFiles/cmTC_872de.dir/link.txt --verbose=1
/home/user/Android/Sdk/ndk/25.2.9519653/toolchains/llvm/prebuilt/linux-x86_64/bin/clang++ --target=armv7-none-linux-androideabi19 --sysroot=/home/user/Android/Sdk/ndk/25.2.9519653/toolchains/llvm/prebuilt/linux-x86_64/sysroot -g -DANDROID -fdata-sections -ffunction-sections -funwind-tables -fstack-protector-strong -no-canonical-prefixes -D_FORTIFY_SOURCE=2 -march=armv7-a -mthumb -Wformat -Werror=format-security  -DSPDLOG_COMPILED_LIB -DCHECK_FUNCTION_EXISTS=pthread_create -static-libstdc++ -Wl,--build-id=sha1 -Wl,--no-rosegment -Wl,--fatal-warnings -Wl,--no-undefined -Qunused-arguments    CMakeFiles/cmTC_872de.dir/CheckFunctionExists.cxx.o -o cmTC_872de  -lpthreads -latomic -lm 
ld: error: unable to find library -lpthreads
clang++: error: linker command failed with exit code 1 (use -v to see invocation)
gmake[1]: *** [CMakeFiles/cmTC_872de.dir/build.make:100: cmTC_872de] Error 1
gmake[1]: Leaving directory '/home/user/Projects/RPO/libs/build/armeabi-v7a/CMakeFiles/CMakeTmp'
gmake: *** [Makefile:127: cmTC_872de/fast] Error 2



Determining if the function pthread_create exists in the pthread failed with the following output:
Change Dir: /home/user/Projects/RPO/libs/build/armeabi-v7a/CMakeFiles/CMakeTmp

Run Build Command(s):/usr/bin/gmake -f Makefile cmTC_2e0b2/fast && /usr/bin/gmake  -f CMakeFiles/cmTC_2e0b2.dir/build.make CMakeFiles/cmTC_2e0b2.dir/build
gmake[1]: Entering directory '/home/user/Projects/RPO/libs/build/armeabi-v7a/CMakeFiles/CMakeTmp'
Building CXX object CMakeFiles/cmTC_2e0b2.dir/CheckFunctionExists.cxx.o
/home/user/Android/Sdk/ndk/25.2.9519653/toolchains/llvm/prebuilt/linux-x86_64/bin/clang++ --target=armv7-none-linux-androideabi19 --sysroot=/home/user/Android/Sdk/ndk/25.2.9519653/toolchains/llvm/prebuilt/linux-x86_64/sysroot   -g -DANDROID -fdata-sections -ffunction-sections -funwind-tables -fstack-protector-strong -no-canonical-prefixes -D_FORTIFY_SOURCE=2 -march=armv7-a -mthumb -Wformat -Werror=format-security  -DSPDLOG_COMPILED_LIB -DCHECK_FUNCTION_EXISTS=pthread_create -fPIE -std=c++11 -MD -MT CMakeFiles/cmTC_2e0b2.dir/CheckFunctionExists.cxx.o -MF CMakeFiles/cmTC_2e0b2.dir/CheckFunctionExists.cxx.o.d -o CMakeFiles/cmTC_2e0b2.dir/CheckFunctionExists.cxx.o -c /home/user/Projects/RPO/libs/build/armeabi-v7a/CMakeFiles/CheckLibraryExists/CheckFunctionExists.cxx
Linking CXX executable cmTC_2e0b2
/home/user/Android/Sdk/cmake/3.22.1/bin/cmake -E cmake_link_script CMakeFiles/cmTC_2e0b2.dir/link.txt --verbose=1
/home/user/Android/Sdk/ndk/25.2.9519653/toolchains/llvm/prebuilt/linux-x86_64/bin/clang++ --target=armv7-none-linux-androideabi19 --sysroot=/home/user/Android/Sdk/ndk/25.2.9519653/toolchains/llvm/prebuilt/linux-x86_64/sysroot -g -DANDROID -fdata-sections -ffunction-sections -funwind-tables -fstack-protector-strong -no-canonical-prefixes -D_FORTIFY_SOURCE=2 -march=armv7-a -mthumb -Wformat -Werror=format-security  -DSPDLOG_COMPILED_LIB -DCHECK_FUNCTION_EXISTS=pthread_create -static-libstdc++ -Wl,--build-id=sha1 -Wl,--no-rosegment -Wl,--fatal-warnings -Wl,--no-undefined -Qunused-arguments    CMakeFiles/cmTC_2e0b2.dir/CheckFunctionExists.cxx.o -o cmTC_2e0b2  -lpthread -latomic -lm 
ld: error: unable to find library -lpthread
clang++: error: linker command failed with exit code 1 (use -v to see invocation)
gmake[1]: *** [CMakeFiles/cmTC_2e0b2.dir/build.make:100: cmTC_2e0b2] Error 1
gmake[1]: Leaving directory '/home/user/Projects/RPO/libs/build/armeabi-v7a/CMakeFiles/CMakeTmp'
gmake: *** [Makefile:127: cmTC_2e0b2/fast] Error 2



